tango3[sdk]# sh test.sh
net.ipv4.conf.all.force_igmp_version = 2
net.ipv4.conf.default.force_igmp_version = 2
route: SIOCADDRT: File exists
route: SIOCADDRT: File exists
route: SIOCADDRT: File exists
mkdir: cannot create directory '/mnt/ext': File exists
mount: mounting 10.4.4.44:/opt/qt/cianet on /mnt/ext failed: Device or resource busy
mkdir: cannot create directory '/mnt/sdk': File exists
mount: mounting 10.4.4.44:/tango/sdk on /mnt/sdk failed: Device or resource busy
/tango/sdk /tango/sdk/mrua
/tango/sdk/mrua
Chip identified as SMP8652 prod (certificate id 0x10, t3iptv family)
test.sh: line 3: fw_reload: command not found
About to set flashlite
Your target environment is configured with:

PATH               = /tango/sdk/dcchd_SMP865x_3_9_0_black.mips/directfb/bin:/tango/sdk/mrua/MRUA_src/../bin:/tango/sdk/dcchd_SMP865x_3_9_0_black.mips/test:/tango/sdk/mrua/MRUA_src/rmchannel/ios_client/:/tango/sdk/mrua/MRUA_src/rmchannel/test/:/tango/sdk/mrua/MRUA_src/rmchannel/xos2k_client/:/tango/sdk/mrua/MRUA_src/llad_xtest/:/tango/sdk/mrua/MRUA_src/llad_smallapps:/tango/sdk/mrua/MRUA_src/xbin/:/tango/sdk/mrua/MRUA_src/rmfp/test/:/tango/sdk/mrua/MRUA_src/rmoutports/test/:/tango/sdk/mrua/MRUA_src/bin/:/tango/sdk/mrua/MRUA_src/samples/:/tango/sdk/mrua/bin/:/bin:/sbin:/usr/bin:/usr/sbin:/usr/bin/X11:/usr/local/bin
LD_LIBRARY_PATH    = /tango/sdk/dcchd_SMP865x_3_9_0_black.mips/directfb/lib:/tango/sdk/mrua/MRUA_src/../lib:/tango/sdk/dcchd_SMP865x_3_9_0_black.mips/dcchd/core:/tango/sdk/dcchd_SMP865x_3_9_0_black.mips/dcchd/brd:/tango/sdk/dcchd_SMP865x_3_9_0_black.mips/dcchd/dvdvr:/tango/sdk/dcchd_SMP865x_3_9_0_black.mips/dcchd/mono:/tango/sdk/dcchd_SMP865x_3_9_0_black.mips/dcchd/curacao:/tango/sdk/dcchd_SMP865x_3_9_0_black.mips/dcchd/curacao/lib:/tango/sdk/dcchd_SMP865x_3_9_0_black.mips/dcchd/dtv/tuner:/tango/sdk/dcchd_SMP865x_3_9_0_black.mips/dcchd/dtv/capture:/tango/sdk/dcchd_SMP865x_3_9_0_black.mips/dcchd/dtv/network:/tango/sdk/dcchd_SMP865x_3_9_0_black.mips/dcchd/dtv:/tango/sdk/dcchd_SMP865x_3_9_0_black.mips/dcchd/dtv/hal:/tango/sdk/dcchd_SMP865x_3_9_0_black.mips/dcchd/dtv/capture:/tango/sdk/dcchd_SMP865x_3_9_0_black.mips/dcchd/dtv/acap:/tango/sdk/dcchd_SMP865x_3_9_0_black.mips/dcchd/dcchd:/tango/sdk/mrua/MRUA_src/lib:/lib:/usr/lib:/usr/local/lib
HOME               = /root
CDROM_MOUNT_POINT  = /cdrom
CDROM_DEVICE_NAME  = /dev/sr0
IMAGE_RESOURCE_DIR = /tango/sdk/dcchd_SMP865x_3_9_0_black.mips/test
QT_INSTALL_DIR     =

modprobe: failed to load module tangox-ohci-hcd (kernel/drivers/usb/host/tangox-ohci-hcd.ko): No such device
(!) DirectFB/Config: Unable to open config file `/etc/directfbrc'!
(*) DirectFB/Config: Active DTV signal 1080i
(*) DirectFB/Config: Active DTV connector hdmi
(*) DirectFB/Config: Active Component standard hdtv60
(*) DirectFB/Config: Active Component signal 1080i
(*) DirectFB/Config: Active DTV connector ycrcb
(*) DirectFB/Config: Active Analog standard ntsc
(*) DirectFB/Config: Active Analog signal ntsc
(*) DirectFB/Config: Active Analog connector cvbs
(*) DirectFB/Config: Driver options file /tango/sdk/dcchd_SMP865x_3_9_0_black.mips/sigmadfbrc
(!) DirectFB/Config: Unable to open config file `/root/.directfbrc'!
(!) DirectFB/Config: Unable to open config file `/etc/directfbrc.arora.bin'!
(!) DirectFB/Config: Unable to open config file `/root/.directfbrc.arora.bin'!

     =======================|  DirectFB 1.0.0  |=======================
          (c) 2001-2007  The DirectFB Organization (directfb.org)
          (c) 2000-2004  Convergence (integrated media) GmbH
        ------------------------------------------------------------

(*) DirectFB/Core: Single Application Core. (2010-11-09)
(!) System initialised
(*) Direct/Thread: Running 'EM86 Input' (INPUT, 1557)...
(*) DirectFB/Input: EM86xx remote control 1.0 (SigmaDesigns)
(!) [498:22:15.666] dh_info unavailable for CEC input device!
    --> Success
(*) Direct/Thread: Running 'EM86 CEC Input' (INPUT, 1558)...
(*) DirectFB/Input: EM86xx CEC remote commands 1.0 (SigmaDesigns)
(*) Direct/Thread: Running 'EM86 TCP Input' (INPUT, 1559)...
(*) DirectFB/Input: EM86xx remote control over TCP/ 0.1 (SigmaDesigns)
(*) Direct/Thread: Running 'Linux Input' (INPUT, 1560)...
(*) DirectFB/Input: CHESEN PS2 to USB Converter (1) 0.1 (directfb.org)
(*) Direct/Thread: Running 'Linux Input' (INPUT, 1561)...
(*) DirectFB/Input: CHESEN PS2 to USB Converter (2) 0.1 (directfb.org)
****************************************************************************
*                                                                          *
*      WARNING               WARNING                   WARNING             *
*                                                                          *
*   DCCHD logging is disabled!                                             *
*   To enable it define ENABLE_DEV_SUPPORT in the environment.             *
*                                                                          *
****************************************************************************
(!) Driver getting globals=0x543750
(!) DirectFB/Core: Could not initialize 'gfxcard' core!
    --> Out of video memory!
(!) System is going down !!
(!) System is down!!
(#) DirectFBError [QDirectFBScreen: error creating DirectFB interface]: Out of video memory!
directfb: driver cannot connect
Aborted
tango3[sdk]# bash test.sh
net.ipv4.conf.all.force_igmp_version = 2
net.ipv4.conf.default.force_igmp_version = 2
route: SIOCADDRT: File exists
route: SIOCADDRT: File exists
route: SIOCADDRT: File exists
mkdir: cannot create directory '/mnt/ext': File exists
mount: mounting 10.4.4.44:/opt/qt/cianet on /mnt/ext failed: Device or resource busy
mkdir: cannot create directory '/mnt/sdk': File exists
mount: mounting 10.4.4.44:/tango/sdk on /mnt/sdk failed: Device or resource busy
/tango/sdk /tango/sdk/mrua
/tango/sdk/mrua
Chip identified as SMP8652 prod (certificate id 0x10, t3iptv family)
test.sh: line 3: fw_reload: command not found
About to set flashlite
Your target environment is configured with:

PATH               = /tango/sdk/dcchd_SMP865x_3_9_0_black.mips/directfb/bin:/tango/sdk/mrua/MRUA_src/../bin:/tango/sdk/dcchd_SMP865x_3_9_0_black.mips/test:/tango/sdk/mrua/MRUA_src/rmchannel/ios_client/:/tango/sdk/mrua/MRUA_src/rmchannel/test/:/tango/sdk/mrua/MRUA_src/rmchannel/xos2k_client/:/tango/sdk/mrua/MRUA_src/llad_xtest/:/tango/sdk/mrua/MRUA_src/llad_smallapps:/tango/sdk/mrua/MRUA_src/xbin/:/tango/sdk/mrua/MRUA_src/rmfp/test/:/tango/sdk/mrua/MRUA_src/rmoutports/test/:/tango/sdk/mrua/MRUA_src/bin/:/tango/sdk/mrua/MRUA_src/samples/:/tango/sdk/mrua/bin/:/bin:/sbin:/usr/bin:/usr/sbin:/usr/bin/X11:/usr/local/bin
LD_LIBRARY_PATH    = /tango/sdk/dcchd_SMP865x_3_9_0_black.mips/directfb/lib:/tango/sdk/mrua/MRUA_src/../lib:/tango/sdk/dcchd_SMP865x_3_9_0_black.mips/dcchd/core:/tango/sdk/dcchd_SMP865x_3_9_0_black.mips/dcchd/brd:/tango/sdk/dcchd_SMP865x_3_9_0_black.mips/dcchd/dvdvr:/tango/sdk/dcchd_SMP865x_3_9_0_black.mips/dcchd/mono:/tango/sdk/dcchd_SMP865x_3_9_0_black.mips/dcchd/curacao:/tango/sdk/dcchd_SMP865x_3_9_0_black.mips/dcchd/curacao/lib:/tango/sdk/dcchd_SMP865x_3_9_0_black.mips/dcchd/dtv/tuner:/tango/sdk/dcchd_SMP865x_3_9_0_black.mips/dcchd/dtv/capture:/tango/sdk/dcchd_SMP865x_3_9_0_black.mips/dcchd/dtv/network:/tango/sdk/dcchd_SMP865x_3_9_0_black.mips/dcchd/dtv:/tango/sdk/dcchd_SMP865x_3_9_0_black.mips/dcchd/dtv/hal:/tango/sdk/dcchd_SMP865x_3_9_0_black.mips/dcchd/dtv/capture:/tango/sdk/dcchd_SMP865x_3_9_0_black.mips/dcchd/dtv/acap:/tango/sdk/dcchd_SMP865x_3_9_0_black.mips/dcchd/dcchd:/tango/sdk/mrua/MRUA_src/lib:/lib:/usr/lib:/usr/local/lib
HOME               = /root
CDROM_MOUNT_POINT  = /cdrom
CDROM_DEVICE_NAME  = /dev/sr0
IMAGE_RESOURCE_DIR = /tango/sdk/dcchd_SMP865x_3_9_0_black.mips/test
QT_INSTALL_DIR     =

modprobe: failed to load module tangox-ohci-hcd (kernel/drivers/usb/host/tangox-ohci-hcd.ko): No such device
(!) DirectFB/Config: Unable to open config file `/etc/directfbrc'!
(*) DirectFB/Config: Active DTV signal 1080i
(*) DirectFB/Config: Active DTV connector hdmi
(*) DirectFB/Config: Active Component standard hdtv60
(*) DirectFB/Config: Active Component signal 1080i
(*) DirectFB/Config: Active DTV connector ycrcb
(*) DirectFB/Config: Active Analog standard ntsc
(*) DirectFB/Config: Active Analog signal ntsc
(*) DirectFB/Config: Active Analog connector cvbs
(*) DirectFB/Config: Driver options file /tango/sdk/dcchd_SMP865x_3_9_0_black.mips/sigmadfbrc
(!) DirectFB/Config: Unable to open config file `/root/.directfbrc'!
(!) DirectFB/Config: Unable to open config file `/etc/directfbrc.arora.bin'!
(!) DirectFB/Config: Unable to open config file `/root/.directfbrc.arora.bin'!

     =======================|  DirectFB 1.0.0  |=======================
          (c) 2001-2007  The DirectFB Organization (directfb.org)
          (c) 2000-2004  Convergence (integrated media) GmbH
        ------------------------------------------------------------

(*) DirectFB/Core: Single Application Core. (2010-11-09)
(!) System initialised
(*) Direct/Thread: Running 'EM86 Input' (INPUT, 1665)...
(*) DirectFB/Input: EM86xx remote control 1.0 (SigmaDesigns)
(!) [498:22:47.389] dh_info unavailable for CEC input device!
    --> Success
(*) Direct/Thread: Running 'EM86 CEC Input' (INPUT, 1666)...
(*) DirectFB/Input: EM86xx CEC remote commands 1.0 (SigmaDesigns)
(*) Direct/Thread: Running 'EM86 TCP Input' (INPUT, 1667)...
(*) DirectFB/Input: EM86xx remote control over TCP/ 0.1 (SigmaDesigns)
(*) Direct/Thread: Running 'Linux Input' (INPUT, 1668)...
(*) DirectFB/Input: CHESEN PS2 to USB Converter (1) 0.1 (directfb.org)
(*) Direct/Thread: Running 'Linux Input' (INPUT, 1669)...
(*) DirectFB/Input: CHESEN PS2 to USB Converter (2) 0.1 (directfb.org)
****************************************************************************
*                                                                          *
*      WARNING               WARNING                   WARNING             *
*                                                                          *
*   DCCHD logging is disabled!                                             *
*   To enable it define ENABLE_DEV_SUPPORT in the environment.             *
*                                                                          *
****************************************************************************
(!) Driver getting globals=0x521218
(!) DirectFB/Core: Could not initialize 'gfxcard' core!
    --> Out of video memory!
(!) System is going down !!
(!) System is down!!
(#) DirectFBError [QDirectFBScreen: error creating DirectFB interface]: Out of video memory!
directfb: driver cannot connect
Aborted
